This is pdfTeX, Version 3.141592653-2.6-1.40.22 (TeX Live 2022/dev/Debian) (preloaded format=pdflatex 2024.5.4)  24 MAY 2024 00:52
entering extended mode
 restricted \write18 enabled.
 file:line:error style messages enabled.
 %&-line parsing enabled.
**/home/andrelorent/tfg_ws/src/memoria/main.tex
(/home/andrelorent/tfg_ws/src/memoria/main.tex
LaTeX2e <2021-11-15> patch level 1
L3 programming layer <2022-01-21> (/usr/share/texlive/texmf-dist/tex/latex/base/book.cls
Document Class: book 2021/10/04 v1.4n Standard LaTeX document class
(/usr/share/texlive/texmf-dist/tex/latex/base/bk12.clo
File: bk12.clo 2021/10/04 v1.4n Standard LaTeX file (size option)
)
\c@part=\count185
\c@chapter=\count186
\c@section=\count187
\c@subsection=\count188
\c@subsubsection=\count189
\c@paragraph=\count190
\c@subparagraph=\count191
\c@figure=\count192
\c@table=\count193
\abovecaptionskip=\skip47
\belowcaptionskip=\skip48
\bibindent=\dimen138
) (./packages/core.tex (/usr/share/texlive/texmf-dist/tex/latex/geometry/geometry.sty
Package: geometry 2020/01/02 v5.9 Page Geometry
 (/usr/share/texlive/texmf-dist/tex/latex/graphics/keyval.sty
Package: keyval 2014/10/28 v1.15 key=value parser (DPC)
\KV@toks@=\toks16
) (/usr/share/texlive/texmf-dist/tex/generic/iftex/ifvtex.sty
Package: ifvtex 2019/10/25 v1.7 ifvtex legacy package. Use iftex instead.
 (/usr/share/texlive/texmf-dist/tex/generic/iftex/iftex.sty
Package: iftex 2020/03/06 v1.0d TeX engine tests
))
\Gm@cnth=\count194
\Gm@cntv=\count195
\c@Gm@tempcnt=\count196
\Gm@bindingoffset=\dimen139
\Gm@wd@mp=\dimen140
\Gm@odd@mp=\dimen141
\Gm@even@mp=\dimen142
\Gm@layoutwidth=\dimen143
\Gm@layoutheight=\dimen144
\Gm@layouthoffset=\dimen145
\Gm@layoutvoffset=\dimen146
\Gm@dimlist=\toks17
) (/usr/share/texlive/texmf-dist/tex/latex/base/inputenc.sty
Package: inputenc 2021/02/14 v1.3d Input encoding file
\inpenc@prehook=\toks18
\inpenc@posthook=\toks19
) (/usr/share/texlive/texmf-dist/tex/generic/babel/babel.sty
Package: babel 2022/01/26 3.70 The Babel package
\babel@savecnt=\count197
\U@D=\dimen147
\l@unhyphenated=\language10
 (/usr/share/texlive/texmf-dist/tex/generic/babel/txtbabel.def)
\bbl@readstream=\read2
\bbl@dirlevel=\count198
 (/usr/share/texlive/texmf-dist/tex/generic/babel-english/american.ldf
Language: american 2017/06/06 v3.3r English support from the babel system
 (/usr/share/texlive/texmf-dist/tex/generic/babel-english/english.ldf
Language: english 2017/06/06 v3.3r English support from the babel system
Package babel Info: Hyphen rules for 'british' set to \l@english
(babel)             (\language0). Reported on input line 82.
Package babel Info: Hyphen rules for 'UKenglish' set to \l@english
(babel)             (\language0). Reported on input line 83.
Package babel Info: Hyphen rules for 'canadian' set to \l@english
(babel)             (\language0). Reported on input line 102.
Package babel Info: Hyphen rules for 'australian' set to \l@english
(babel)             (\language0). Reported on input line 105.
Package babel Info: Hyphen rules for 'newzealand' set to \l@english
(babel)             (\language0). Reported on input line 108.
)) (/usr/share/texlive/texmf-dist/tex/generic/babel-spanish/spanish.ldf
Language: spanish.ldf 2021/05/27 v5.0q Spanish support from the babel system
\es@quottoks=\toks20
\es@quotdepth=\count199
Package babel Info: Making " an active character on input line 570.
Package babel Info: Making . an active character on input line 675.
Package babel Info: Making < an active character on input line 722.
Package babel Info: Making > an active character on input line 722.
)) (/usr/share/texlive/texmf-dist/tex/latex/hyperref/hyperref.sty
Package: hyperref 2021-06-07 v7.00m Hypertext links for LaTeX
 (/usr/share/texlive/texmf-dist/tex/generic/ltxcmds/ltxcmds.sty
Package: ltxcmds 2020-05-10 v1.25 LaTeX kernel commands for general use (HO)
) (/usr/share/texlive/texmf-dist/tex/generic/pdftexcmds/pdftexcmds.sty
Package: pdftexcmds 2020-06-27 v0.33 Utility functions of pdfTeX for LuaTeX (HO)
 (/usr/share/texlive/texmf-dist/tex/generic/infwarerr/infwarerr.sty
Package: infwarerr 2019/12/03 v1.5 Providing info/warning/error messages (HO)
)
Package pdftexcmds Info: \pdf@primitive is available.
Package pdftexcmds Info: \pdf@ifprimitive is available.
Package pdftexcmds Info: \pdfdraftmode found.
) (/usr/share/texlive/texmf-dist/tex/generic/kvsetkeys/kvsetkeys.sty
Package: kvsetkeys 2019/12/15 v1.18 Key value parser (HO)
) (/usr/share/texlive/texmf-dist/tex/generic/kvdefinekeys/kvdefinekeys.sty
Package: kvdefinekeys 2019-12-19 v1.6 Define keys (HO)
) (/usr/share/texlive/texmf-dist/tex/generic/pdfescape/pdfescape.sty
Package: pdfescape 2019/12/09 v1.15 Implements pdfTeX's escape features (HO)
) (/usr/share/texlive/texmf-dist/tex/latex/hycolor/hycolor.sty
Package: hycolor 2020-01-27 v1.10 Color options for hyperref/bookmark (HO)
) (/usr/share/texlive/texmf-dist/tex/latex/letltxmacro/letltxmacro.sty
Package: letltxmacro 2019/12/03 v1.6 Let assignment for LaTeX macros (HO)
) (/usr/share/texlive/texmf-dist/tex/latex/auxhook/auxhook.sty
Package: auxhook 2019-12-17 v1.6 Hooks for auxiliary files (HO)
) (/usr/share/texlive/texmf-dist/tex/latex/kvoptions/kvoptions.sty
Package: kvoptions 2020-10-07 v3.14 Key value format for package options (HO)
)
\@linkdim=\dimen148
\Hy@linkcounter=\count266
\Hy@pagecounter=\count267
 (/usr/share/texlive/texmf-dist/tex/latex/hyperref/pd1enc.def
File: pd1enc.def 2021-06-07 v7.00m Hyperref: PDFDocEncoding definition (HO)
Now handling font encoding PD1 ...
... no UTF-8 mapping file for font encoding PD1
) (/usr/share/texlive/texmf-dist/tex/latex/hyperref/hyperref-langpatches.def
File: hyperref-langpatches.def 2021-06-07 v7.00m Hyperref: patches for babel languages
) (/usr/share/texlive/texmf-dist/tex/generic/intcalc/intcalc.sty
Package: intcalc 2019/12/15 v1.3 Expandable calculations with integers (HO)
) (/usr/share/texlive/texmf-dist/tex/generic/etexcmds/etexcmds.sty
Package: etexcmds 2019/12/15 v1.7 Avoid name clashes with e-TeX commands (HO)
)
\Hy@SavedSpaceFactor=\count268
 (/usr/share/texlive/texmf-dist/tex/latex/hyperref/puenc.def
File: puenc.def 2021-06-07 v7.00m Hyperref: PDF Unicode definition (HO)
Now handling font encoding PU ...
... no UTF-8 mapping file for font encoding PU
)
Package hyperref Info: Hyper figures OFF on input line 4192.
Package hyperref Info: Link nesting OFF on input line 4197.
Package hyperref Info: Hyper index ON on input line 4200.
Package hyperref Info: Plain pages OFF on input line 4207.
Package hyperref Info: Backreferencing OFF on input line 4212.
Package hyperref Info: Implicit mode ON; LaTeX internals redefined.
Package hyperref Info: Bookmarks ON on input line 4445.
\c@Hy@tempcnt=\count269
 (/usr/share/texlive/texmf-dist/tex/latex/url/url.sty
\Urlmuskip=\muskip16
Package: url 2013/09/16  ver 3.4  Verb mode for urls, etc.
)
LaTeX Info: Redefining \url on input line 4804.
\XeTeXLinkMargin=\dimen149
 (/usr/share/texlive/texmf-dist/tex/generic/bitset/bitset.sty
Package: bitset 2019/12/09 v1.3 Handle bit-vector datatype (HO)
 (/usr/share/texlive/texmf-dist/tex/generic/bigintcalc/bigintcalc.sty
Package: bigintcalc 2019/12/15 v1.5 Expandable calculations on big integers (HO)
))
\Fld@menulength=\count270
\Field@Width=\dimen150
\Fld@charsize=\dimen151
Package hyperref Info: Hyper figures OFF on input line 6076.
Package hyperref Info: Link nesting OFF on input line 6081.
Package hyperref Info: Hyper index ON on input line 6084.
Package hyperref Info: backreferencing OFF on input line 6091.
Package hyperref Info: Link coloring OFF on input line 6096.
Package hyperref Info: Link coloring with OCG OFF on input line 6101.
Package hyperref Info: PDF/A mode OFF on input line 6106.
LaTeX Info: Redefining \ref on input line 6146.
LaTeX Info: Redefining \pageref on input line 6150.
 (/usr/share/texlive/texmf-dist/tex/latex/base/atbegshi-ltx.sty
Package: atbegshi-ltx 2021/01/10 v1.0c Emulation of the original atbegshi
package with kernel methods
)
\Hy@abspage=\count271
\c@Item=\count272
\c@Hfootnote=\count273
)
Package hyperref Info: Driver (autodetected): hpdftex.
 (/usr/share/texlive/texmf-dist/tex/latex/hyperref/hpdftex.def
File: hpdftex.def 2021-06-07 v7.00m Hyperref driver for pdfTeX
 (/usr/share/texlive/texmf-dist/tex/latex/base/atveryend-ltx.sty
Package: atveryend-ltx 2020/08/19 v1.0a Emulation of the original atveryend package
with kernel methods
)
\Fld@listcount=\count274
\c@bookmark@seq@number=\count275
 (/usr/share/texlive/texmf-dist/tex/latex/rerunfilecheck/rerunfilecheck.sty
Package: rerunfilecheck 2019/12/05 v1.9 Rerun checks for auxiliary files (HO)
 (/usr/share/texlive/texmf-dist/tex/generic/uniquecounter/uniquecounter.sty
Package: uniquecounter 2019/12/15 v1.4 Provide unlimited unique counter (HO)
)
Package uniquecounter Info: New unique counter `rerunfilecheck' on input line 286.
)
\Hy@SectionHShift=\skip49
) (/usr/share/texlive/texmf-dist/tex/latex/bookmark/bookmark.sty
Package: bookmark 2020-11-06 v1.29 PDF bookmarks (HO)
 (/usr/share/texlive/texmf-dist/tex/latex/bookmark/bkm-pdftex.def
File: bkm-pdftex.def 2020-11-06 v1.29 bookmark driver for pdfTeX (HO)
\BKM@id=\count276
)) (/usr/share/texlive/texmf-dist/tex/latex/emptypage/emptypage.sty
Package: emptypage 2010/05/30 v1.2 Suppress page numbers and headings on empty pages
) (/usr/share/texlive/texmf-dist/tex/latex/pdfpages/pdfpages.sty
Package: pdfpages 2022/01/29 v0.5u Insert pages of external PDF documents (AM)
 (/usr/share/texlive/texmf-dist/tex/latex/base/ifthen.sty
Package: ifthen 2020/11/24 v1.1c Standard LaTeX ifthen package (DPC)
) (/usr/share/texlive/texmf-dist/tex/latex/tools/calc.sty
Package: calc 2017/05/25 v4.3 Infix arithmetic (KKT,FJ)
\calc@Acount=\count277
\calc@Bcount=\count278
\calc@Adimen=\dimen152
\calc@Bdimen=\dimen153
\calc@Askip=\skip50
\calc@Bskip=\skip51
LaTeX Info: Redefining \setlength on input line 80.
LaTeX Info: Redefining \addtolength on input line 81.
\calc@Ccount=\count279
\calc@Cskip=\skip52
) (/usr/share/texlive/texmf-dist/tex/latex/eso-pic/eso-pic.sty
Package: eso-pic 2020/10/14 v3.0a eso-pic (RN)
\ESO@tempdima=\dimen154
\ESO@tempdimb=\dimen155
 (/usr/share/texlive/texmf-dist/tex/latex/xcolor/xcolor.sty
Package: xcolor 2021/10/31 v2.13 LaTeX color extensions (UK)
 (/usr/share/texlive/texmf-dist/tex/latex/graphics-cfg/color.cfg
File: color.cfg 2016/01/02 v1.6 sample color configuration
)
Package xcolor Info: Driver file: pdftex.def on input line 227.
 (/usr/share/texlive/texmf-dist/tex/latex/graphics-def/pdftex.def
File: pdftex.def 2020/10/05 v1.2a Graphics/color driver for pdftex
)
Package xcolor Info: Model `cmy' substituted by `cmy0' on input line 1352.
Package xcolor Info: Model `hsb' substituted by `rgb' on input line 1356.
Package xcolor Info: Model `RGB' extended on input line 1368.
Package xcolor Info: Model `HTML' substituted by `rgb' on input line 1370.
Package xcolor Info: Model `Hsb' substituted by `hsb' on input line 1371.
Package xcolor Info: Model `tHsb' substituted by `hsb' on input line 1372.
Package xcolor Info: Model `HSB' substituted by `hsb' on input line 1373.
Package xcolor Info: Model `Gray' substituted by `gray' on input line 1374.
Package xcolor Info: Model `wave' substituted by `hsb' on input line 1375.
)) (/usr/share/texlive/texmf-dist/tex/latex/graphics/graphicx.sty
Package: graphicx 2021/09/16 v1.2d Enhanced LaTeX Graphics (DPC,SPQR)
 (/usr/share/texlive/texmf-dist/tex/latex/graphics/graphics.sty
Package: graphics 2021/03/04 v1.4d Standard LaTeX Graphics (DPC,SPQR)
 (/usr/share/texlive/texmf-dist/tex/latex/graphics/trig.sty
Package: trig 2021/08/11 v1.11 sin cos tan (DPC)
) (/usr/share/texlive/texmf-dist/tex/latex/graphics-cfg/graphics.cfg
File: graphics.cfg 2016/06/04 v1.11 sample graphics configuration
)
Package graphics Info: Driver file: pdftex.def on input line 107.
)
\Gin@req@height=\dimen156
\Gin@req@width=\dimen157
)
\AM@pagewidth=\dimen158
\AM@pageheight=\dimen159
\AM@fboxrule=\dimen160
 (/usr/share/texlive/texmf-dist/tex/latex/pdfpages/pppdftex.def
File: pppdftex.def 2022/01/29 v0.5u Pdfpages driver for pdfTeX (AM)
)
\pdfpages@includegraphics@status=\count280
\AM@pagebox=\box50
\AM@global@opts=\toks21
\AM@pagecnt=\count281
\AM@toc@title=\toks22
\c@AM@survey=\count282
\AM@templatesizebox=\box51
) (/usr/share/texlive/texmf-dist/tex/latex/graphics/epsfig.sty
Package: epsfig 2017/06/25 v1.7b (e)psfig emulation (SPQR)
\epsfxsize=\dimen161
\epsfysize=\dimen162
) (/usr/share/texlive/texmf-dist/tex/latex/amsmath/amsmath.sty
Package: amsmath 2021/10/15 v2.17l AMS math features
\@mathmargin=\skip53

For additional information on amsmath, use the `?' option.
(/usr/share/texlive/texmf-dist/tex/latex/amsmath/amstext.sty
Package: amstext 2021/08/26 v2.01 AMS text
 (/usr/share/texlive/texmf-dist/tex/latex/amsmath/amsgen.sty
File: amsgen.sty 1999/11/30 v2.0 generic functions
\@emptytoks=\toks23
\ex@=\dimen163
)) (/usr/share/texlive/texmf-dist/tex/latex/amsmath/amsbsy.sty
Package: amsbsy 1999/11/29 v1.2d Bold Symbols
\pmbraise@=\dimen164
) (/usr/share/texlive/texmf-dist/tex/latex/amsmath/amsopn.sty
Package: amsopn 2021/08/26 v2.02 operator names
)
\inf@bad=\count283
LaTeX Info: Redefining \frac on input line 234.
\uproot@=\count284
\leftroot@=\count285
LaTeX Info: Redefining \overline on input line 399.
\classnum@=\count286
\DOTSCASE@=\count287
LaTeX Info: Redefining \ldots on input line 496.
LaTeX Info: Redefining \dots on input line 499.
LaTeX Info: Redefining \cdots on input line 620.
\Mathstrutbox@=\box52
\strutbox@=\box53
\big@size=\dimen165
LaTeX Font Info:    Redeclaring font encoding OML on input line 743.
LaTeX Font Info:    Redeclaring font encoding OMS on input line 744.
\macc@depth=\count288
\c@MaxMatrixCols=\count289
\dotsspace@=\muskip17
\c@parentequation=\count290
\dspbrk@lvl=\count291
\tag@help=\toks24
\row@=\count292
\column@=\count293
\maxfields@=\count294
\andhelp@=\toks25
\eqnshift@=\dimen166
\alignsep@=\dimen167
\tagshift@=\dimen168
\tagwidth@=\dimen169
\totwidth@=\dimen170
\lineht@=\dimen171
\@envbody=\toks26
\multlinegap=\skip54
\multlinetaggap=\skip55
\mathdisplay@stack=\toks27
LaTeX Info: Redefining \[ on input line 2938.
LaTeX Info: Redefining \] on input line 2939.
) (/usr/share/texlive/texmf-dist/tex/latex/csquotes/csquotes.sty
Package: csquotes 2021-02-22 v5.2l context-sensitive quotations (JAW)
 (/usr/share/texlive/texmf-dist/tex/latex/etoolbox/etoolbox.sty
Package: etoolbox 2020/10/05 v2.5k e-TeX tools for LaTeX (JAW)
\etb@tempcnta=\count295
)
\csq@reset=\count296
\csq@gtype=\count297
\csq@glevel=\count298
\csq@qlevel=\count299
\csq@maxlvl=\count300
\csq@tshold=\count301
\csq@ltx@everypar=\toks28
 (/usr/share/texlive/texmf-dist/tex/latex/csquotes/csquotes.def
File: csquotes.def 2021-02-22 v5.2l csquotes generic definitions (JAW)
)
Package csquotes Info: Trying to load configuration file 'csquotes.cfg'...
Package csquotes Info: ... configuration file loaded successfully.
 (/usr/share/texlive/texmf-dist/tex/latex/csquotes/csquotes.cfg
File: csquotes.cfg 
)
Package csquotes Info: Enabling multilingual quotes.
) (/usr/share/texlive/texmf-dist/tex/latex/biblatex/biblatex.sty
Package: biblatex 2022/02/02 v3.17 programmable bibliographies (PK/MW)
 (/usr/share/texlive/texmf-dist/tex/latex/logreq/logreq.sty
Package: logreq 2010/08/04 v1.0 xml request logger
\lrq@indent=\count302
 (/usr/share/texlive/texmf-dist/tex/latex/logreq/logreq.def
File: logreq.def 2010/08/04 v1.0 logreq spec v1.0
))
\c@tabx@nest=\count303
\c@listtotal=\count304
\c@listcount=\count305
\c@liststart=\count306
\c@liststop=\count307
\c@citecount=\count308
\c@citetotal=\count309
\c@multicitecount=\count310
\c@multicitetotal=\count311
\c@instcount=\count312
\c@maxnames=\count313
\c@minnames=\count314
\c@maxitems=\count315
\c@minitems=\count316
\c@citecounter=\count317
\c@maxcitecounter=\count318
\c@savedcitecounter=\count319
\c@uniquelist=\count320
\c@uniquename=\count321
\c@refsection=\count322
\c@refsegment=\count323
\c@maxextratitle=\count324
\c@maxextratitleyear=\count325
\c@maxextraname=\count326
\c@maxextradate=\count327
\c@maxextraalpha=\count328
\c@abbrvpenalty=\count329
\c@highnamepenalty=\count330
\c@lownamepenalty=\count331
\c@maxparens=\count332
\c@parenlevel=\count333
\blx@tempcnta=\count334
\blx@tempcntb=\count335
\blx@tempcntc=\count336
\c@blx@maxsection=\count337
\c@blx@maxsegment@0=\count338
\blx@notetype=\count339
\blx@parenlevel@text=\count340
\blx@parenlevel@foot=\count341
\c@blx@sectionciteorder@0=\count342
\blx@entrysetcounter=\count343
\blx@biblioinstance=\count344
\labelnumberwidth=\skip56
\labelalphawidth=\skip57
\biblabelsep=\skip58
\bibitemsep=\skip59
\bibnamesep=\skip60
\bibinitsep=\skip61
\bibparsep=\skip62
\bibhang=\skip63
\blx@bcfin=\read3
\blx@bcfout=\write3
\blx@langwohyphens=\language11
\c@mincomprange=\count345
\c@maxcomprange=\count346
\c@mincompwidth=\count347
Package biblatex Info: Trying to load biblatex default data model...
Package biblatex Info: ... file 'blx-dm.def' found.
 (/usr/share/texlive/texmf-dist/tex/latex/biblatex/blx-dm.def
File: blx-dm.def 2022/02/02 v3.17 biblatex localization (PK/MW)
)
Package biblatex Info: Trying to load biblatex style data model...
Package biblatex Info: ... file 'numeric.dbx' not found.
Package biblatex Info: Trying to load biblatex custom data model...
Package biblatex Info: ... file 'biblatex-dm.cfg' not found.
\c@afterword=\count348
\c@savedafterword=\count349
\c@annotator=\count350
\c@savedannotator=\count351
\c@author=\count352
\c@savedauthor=\count353
\c@bookauthor=\count354
\c@savedbookauthor=\count355
\c@commentator=\count356
\c@savedcommentator=\count357
\c@editor=\count358
\c@savededitor=\count359
\c@editora=\count360
\c@savededitora=\count361
\c@editorb=\count362
\c@savededitorb=\count363
\c@editorc=\count364
\c@savededitorc=\count365
\c@foreword=\count366
\c@savedforeword=\count367
\c@holder=\count368
\c@savedholder=\count369
\c@introduction=\count370
\c@savedintroduction=\count371
\c@namea=\count372
\c@savednamea=\count373
\c@nameb=\count374
\c@savednameb=\count375
\c@namec=\count376
\c@savednamec=\count377
\c@translator=\count378
\c@savedtranslator=\count379
\c@shortauthor=\count380
\c@savedshortauthor=\count381
\c@shorteditor=\count382
\c@savedshorteditor=\count383
\c@labelname=\count384
\c@savedlabelname=\count385
\c@institution=\count386
\c@savedinstitution=\count387
\c@lista=\count388
\c@savedlista=\count389
\c@listb=\count390
\c@savedlistb=\count391
\c@listc=\count392
\c@savedlistc=\count393
\c@listd=\count394
\c@savedlistd=\count395
\c@liste=\count396
\c@savedliste=\count397
\c@listf=\count398
\c@savedlistf=\count399
\c@location=\count400
\c@savedlocation=\count401
\c@organization=\count402
\c@savedorganization=\count403
\c@origlocation=\count404
\c@savedoriglocation=\count405
\c@origpublisher=\count406
\c@savedorigpublisher=\count407
\c@publisher=\count408
\c@savedpublisher=\count409
\c@language=\count410
\c@savedlanguage=\count411
\c@origlanguage=\count412
\c@savedoriglanguage=\count413
\c@pageref=\count414
\c@savedpageref=\count415
\shorthandwidth=\skip64
\shortjournalwidth=\skip65
\shortserieswidth=\skip66
\shorttitlewidth=\skip67
\shortauthorwidth=\skip68
\shorteditorwidth=\skip69
\locallabelnumberwidth=\skip70
\locallabelalphawidth=\skip71
\localshorthandwidth=\skip72
\localshortjournalwidth=\skip73
\localshortserieswidth=\skip74
\localshorttitlewidth=\skip75
\localshortauthorwidth=\skip76
\localshorteditorwidth=\skip77
Package biblatex Info: Trying to load compatibility code...
Package biblatex Info: ... file 'blx-compat.def' found.
 (/usr/share/texlive/texmf-dist/tex/latex/biblatex/blx-compat.def
File: blx-compat.def 2022/02/02 v3.17 biblatex compatibility (PK/MW)
)
Package biblatex Info: Trying to load generic definitions...
Package biblatex Info: ... file 'biblatex.def' found.
 (/usr/share/texlive/texmf-dist/tex/latex/biblatex/biblatex.def
File: biblatex.def 2022/02/02 v3.17 biblatex compatibility (PK/MW)
\c@textcitecount=\count416
\c@textcitetotal=\count417
\c@textcitemaxnames=\count418
\c@biburlbigbreakpenalty=\count419
\c@biburlbreakpenalty=\count420
\c@biburlnumpenalty=\count421
\c@biburlucpenalty=\count422
\c@biburllcpenalty=\count423
\biburlbigskip=\muskip18
\biburlnumskip=\muskip19
\biburlucskip=\muskip20
\biburllcskip=\muskip21
\c@smartand=\count424
)
Package biblatex Info: Trying to load bibliography style 'numeric'...
Package biblatex Info: ... file 'numeric.bbx' found.
 (/usr/share/texlive/texmf-dist/tex/latex/biblatex/bbx/numeric.bbx
File: numeric.bbx 2022/02/02 v3.17 biblatex bibliography style (PK/MW)
Package biblatex Info: Trying to load bibliography style 'standard'...
Package biblatex Info: ... file 'standard.bbx' found.
 (/usr/share/texlive/texmf-dist/tex/latex/biblatex/bbx/standard.bbx
File: standard.bbx 2022/02/02 v3.17 biblatex bibliography style (PK/MW)
\c@bbx:relatedcount=\count425
\c@bbx:relatedtotal=\count426
))
Package biblatex Info: Trying to load citation style 'numeric'...
Package biblatex Info: ... file 'numeric.cbx' found.
 (/usr/share/texlive/texmf-dist/tex/latex/biblatex/cbx/numeric.cbx
File: numeric.cbx 2022/02/02 v3.17 biblatex citation style (PK/MW)
Package biblatex Info: Redefining '\cite'.
Package biblatex Info: Redefining '\parencite'.
Package biblatex Info: Redefining '\footcite'.
Package biblatex Info: Redefining '\footcitetext'.
Package biblatex Info: Redefining '\smartcite'.
Package biblatex Info: Redefining '\supercite'.
Package biblatex Info: Redefining '\textcite'.
Package biblatex Info: Redefining '\textcites'.
Package biblatex Info: Redefining '\cites'.
Package biblatex Info: Redefining '\parencites'.
Package biblatex Info: Redefining '\smartcites'.
)
Package biblatex Info: Trying to load configuration file...
Package biblatex Info: ... file 'biblatex.cfg' found.
 (/usr/share/texlive/texmf-dist/tex/latex/biblatex/biblatex.cfg
File: biblatex.cfg 
)
Package biblatex Info: Input encoding 'utf8' detected.
Package biblatex Info: Document encoding is UTF8 ....
 (/usr/share/texlive/texmf-dist/tex/latex/l3kernel/expl3.sty
Package: expl3 2022-01-21 L3 programming layer (loader) 
 (/usr/share/texlive/texmf-dist/tex/latex/l3backend/l3backend-pdftex.def
File: l3backend-pdftex.def 2022-01-12 L3 backend support: PDF output (pdfTeX)
\l__color_backend_stack_int=\count427
\l__pdf_internal_box=\box54
))
Package biblatex Info: ... and expl3
(biblatex)             2022-01-21 L3 programming layer (loader) 
(biblatex)             is new enough (at least 2020/04/06),
(biblatex)             setting 'casechanger=expl3'.
 (/usr/share/texlive/texmf-dist/tex/latex/biblatex/blx-case-expl3.sty (/usr/share/texlive/texmf-dist/tex/latex/l3packages/xparse/xparse.sty
Package: xparse 2022-01-12 L3 Experimental document command parser
)
Package: blx-case-expl3 2022/02/02 v3.17 expl3 case changing code for biblatex
)) (/usr/share/texlive/texmf-dist/tex/latex/fancyvrb/fancyvrb.sty
Package: fancyvrb 2021/12/21 4.1b verbatim text (tvz,hv)
\FV@CodeLineNo=\count428
\FV@InFile=\read4
\FV@TabBox=\box55
\c@FancyVerbLine=\count429
\FV@StepNumber=\count430
\FV@OutFile=\write4
) (/usr/share/texlive/texmf-dist/tex/latex/fancyhdr/fancyhdr.sty
Package: fancyhdr 2021/01/28 v4.0.1 Extensive control of page headers and footers
\f@nch@headwidth=\skip78
\f@nch@O@elh=\skip79
\f@nch@O@erh=\skip80
\f@nch@O@olh=\skip81
\f@nch@O@orh=\skip82
\f@nch@O@elf=\skip83
\f@nch@O@erf=\skip84
\f@nch@O@olf=\skip85
\f@nch@O@orf=\skip86
) (/usr/share/texlive/texmf-dist/tex/latex/appendix/appendix.sty
Package: appendix 2020/02/08 v1.2c extra appendix facilities
\c@@pps=\count431
\c@@ppsavesec=\count432
\c@@ppsaveapp=\count433
) (/usr/share/texlive/texmf-dist/tex/latex/caption/caption.sty
Package: caption 2020/10/26 v3.5g Customizing captions (AR)
 (/usr/share/texlive/texmf-dist/tex/latex/caption/caption3.sty
Package: caption3 2020/10/21 v2.2e caption3 kernel (AR)
\captionmargin=\dimen172
\captionmargin@=\dimen173
\captionwidth=\dimen174
\caption@tempdima=\dimen175
\caption@indent=\dimen176
\caption@parindent=\dimen177
\caption@hangindent=\dimen178
Package caption Info: Standard document class detected.
)
\c@caption@flags=\count434
\c@continuedfloat=\count435
Package caption Info: hyperref package is loaded.
) (/usr/share/texlive/texmf-dist/tex/latex/parskip/parskip.sty
Package: parskip 2021-03-14 v2.0h non-zero parskip adjustments
) (/usr/share/texlive/texmf-dist/tex/latex/titlesec/titlesec.sty
Package: titlesec 2021/07/05 v2.14 Sectioning titles
\ttl@box=\box56
\beforetitleunit=\skip87
\aftertitleunit=\skip88
\ttl@plus=\dimen179
\ttl@minus=\dimen180
\ttl@toksa=\toks29
\titlewidth=\dimen181
\titlewidthlast=\dimen182
\titlewidthfirst=\dimen183
)) (./packages/extra.tex (/usr/share/texlive/texmf-dist/tex/latex/pgf/frontendlayer/tikz.sty (/usr/share/texlive/texmf-dist/tex/latex/pgf/basiclayer/pgf.sty (/usr/share/texlive/texmf-dist/tex/latex/pgf/utilities/pgfrcs.sty (/usr/share/texlive/texmf-dist/tex/generic/pgf/utilities/pgfutil-common.tex
\pgfutil@everybye=\toks30
\pgfutil@tempdima=\dimen184
\pgfutil@tempdimb=\dimen185
 (/usr/share/texlive/texmf-dist/tex/generic/pgf/utilities/pgfutil-common-lists.tex)) (/usr/share/texlive/texmf-dist/tex/generic/pgf/utilities/pgfutil-latex.def
\pgfutil@abb=\box57
) (/usr/share/texlive/texmf-dist/tex/generic/pgf/utilities/pgfrcs.code.tex (/usr/share/texlive/texmf-dist/tex/generic/pgf/pgf.revision.tex)
Package: pgfrcs 2021/05/15 v3.1.9a (3.1.9a)
))
Package: pgf 2021/05/15 v3.1.9a (3.1.9a)
 (/usr/share/texlive/texmf-dist/tex/latex/pgf/basiclayer/pgfcore.sty (/usr/share/texlive/texmf-dist/tex/latex/pgf/systemlayer/pgfsys.sty (/usr/share/texlive/texmf-dist/tex/generic/pgf/systemlayer/pgfsys.code.tex
Package: pgfsys 2021/05/15 v3.1.9a (3.1.9a)
 (/usr/share/texlive/texmf-dist/tex/generic/pgf/utilities/pgfkeys.code.tex
\pgfkeys@pathtoks=\toks31
\pgfkeys@temptoks=\toks32
 (/usr/share/texlive/texmf-dist/tex/generic/pgf/utilities/pgfkeysfiltered.code.tex
\pgfkeys@tmptoks=\toks33
))
\pgf@x=\dimen186
\pgf@y=\dimen187
\pgf@xa=\dimen188
\pgf@ya=\dimen189
\pgf@xb=\dimen190
\pgf@yb=\dimen191
\pgf@xc=\dimen192
\pgf@yc=\dimen193
\pgf@xd=\dimen194
\pgf@yd=\dimen195
\w@pgf@writea=\write5
\r@pgf@reada=\read5
\c@pgf@counta=\count436
\c@pgf@countb=\count437
\c@pgf@countc=\count438
\c@pgf@countd=\count439
\t@pgf@toka=\toks34
\t@pgf@tokb=\toks35
\t@pgf@tokc=\toks36
\pgf@sys@id@count=\count440
 (/usr/share/texlive/texmf-dist/tex/generic/pgf/systemlayer/pgf.cfg
File: pgf.cfg 2021/05/15 v3.1.9a (3.1.9a)
)
Driver file for pgf: pgfsys-pdftex.def
 (/usr/share/texlive/texmf-dist/tex/generic/pgf/systemlayer/pgfsys-pdftex.def
File: pgfsys-pdftex.def 2021/05/15 v3.1.9a (3.1.9a)
 (/usr/share/texlive/texmf-dist/tex/generic/pgf/systemlayer/pgfsys-common-pdf.def
File: pgfsys-common-pdf.def 2021/05/15 v3.1.9a (3.1.9a)
))) (/usr/share/texlive/texmf-dist/tex/generic/pgf/systemlayer/pgfsyssoftpath.code.tex
File: pgfsyssoftpath.code.tex 2021/05/15 v3.1.9a (3.1.9a)
\pgfsyssoftpath@smallbuffer@items=\count441
\pgfsyssoftpath@bigbuffer@items=\count442
) (/usr/share/texlive/texmf-dist/tex/generic/pgf/systemlayer/pgfsysprotocol.code.tex
File: pgfsysprotocol.code.tex 2021/05/15 v3.1.9a (3.1.9a)
)) (/usr/share/texlive/texmf-dist/tex/generic/pgf/basiclayer/pgfcore.code.tex
Package: pgfcore 2021/05/15 v3.1.9a (3.1.9a)
 (/usr/share/texlive/texmf-dist/tex/generic/pgf/math/pgfmath.code.tex (/usr/share/texlive/texmf-dist/tex/generic/pgf/math/pgfmathcalc.code.tex (/usr/share/texlive/texmf-dist/tex/generic/pgf/math/pgfmathutil.code.tex) (/usr/share/texlive/texmf-dist/tex/generic/pgf/math/pgfmathparser.code.tex
\pgfmath@dimen=\dimen196
\pgfmath@count=\count443
\pgfmath@box=\box58
\pgfmath@toks=\toks37
\pgfmath@stack@operand=\toks38
\pgfmath@stack@operation=\toks39
) (/usr/share/texlive/texmf-dist/tex/generic/pgf/math/pgfmathfunctions.code.tex (/usr/share/texlive/texmf-dist/tex/generic/pgf/math/pgfmathfunctions.basic.code.tex) (/usr/share/texlive/texmf-dist/tex/generic/pgf/math/pgfmathfunctions.trigonometric.code.tex) (/usr/share/texlive/texmf-dist/tex/generic/pgf/math/pgfmathfunctions.random.code.tex) (/usr/share/texlive/texmf-dist/tex/generic/pgf/math/pgfmathfunctions.comparison.code.tex) (/usr/share/texlive/texmf-dist/tex/generic/pgf/math/pgfmathfunctions.base.code.tex) (/usr/share/texlive/texmf-dist/tex/generic/pgf/math/pgfmathfunctions.round.code.tex) (/usr/share/texlive/texmf-dist/tex/generic/pgf/math/pgfmathfunctions.misc.code.tex) (/usr/share/texlive/texmf-dist/tex/generic/pgf/math/pgfmathfunctions.integerarithmetics.code.tex))) (/usr/share/texlive/texmf-dist/tex/generic/pgf/math/pgfmathfloat.code.tex
\c@pgfmathroundto@lastzeros=\count444
)) (/usr/share/texlive/texmf-dist/tex/generic/pgf/math/pgfint.code.tex) (/usr/share/texlive/texmf-dist/tex/generic/pgf/basiclayer/pgfcorepoints.code.tex
File: pgfcorepoints.code.tex 2021/05/15 v3.1.9a (3.1.9a)
\pgf@picminx=\dimen197
\pgf@picmaxx=\dimen198
\pgf@picminy=\dimen199
\pgf@picmaxy=\dimen256
\pgf@pathminx=\dimen257
\pgf@pathmaxx=\dimen258
\pgf@pathminy=\dimen259
\pgf@pathmaxy=\dimen260
\pgf@xx=\dimen261
\pgf@xy=\dimen262
\pgf@yx=\dimen263
\pgf@yy=\dimen264
\pgf@zx=\dimen265
\pgf@zy=\dimen266
) (/usr/share/texlive/texmf-dist/tex/generic/pgf/basiclayer/pgfcorepathconstruct.code.tex
File: pgfcorepathconstruct.code.tex 2021/05/15 v3.1.9a (3.1.9a)
\pgf@path@lastx=\dimen267
\pgf@path@lasty=\dimen268
) (/usr/share/texlive/texmf-dist/tex/generic/pgf/basiclayer/pgfcorepathusage.code.tex
File: pgfcorepathusage.code.tex 2021/05/15 v3.1.9a (3.1.9a)
\pgf@shorten@end@additional=\dimen269
\pgf@shorten@start@additional=\dimen270
) (/usr/share/texlive/texmf-dist/tex/generic/pgf/basiclayer/pgfcorescopes.code.tex
File: pgfcorescopes.code.tex 2021/05/15 v3.1.9a (3.1.9a)
\pgfpic=\box59
\pgf@hbox=\box60
\pgf@layerbox@main=\box61
\pgf@picture@serial@count=\count445
) (/usr/share/texlive/texmf-dist/tex/generic/pgf/basiclayer/pgfcoregraphicstate.code.tex
File: pgfcoregraphicstate.code.tex 2021/05/15 v3.1.9a (3.1.9a)
\pgflinewidth=\dimen271
) (/usr/share/texlive/texmf-dist/tex/generic/pgf/basiclayer/pgfcoretransformations.code.tex
File: pgfcoretransformations.code.tex 2021/05/15 v3.1.9a (3.1.9a)
\pgf@pt@x=\dimen272
\pgf@pt@y=\dimen273
\pgf@pt@temp=\dimen274
) (/usr/share/texlive/texmf-dist/tex/generic/pgf/basiclayer/pgfcorequick.code.tex
File: pgfcorequick.code.tex 2021/05/15 v3.1.9a (3.1.9a)
) (/usr/share/texlive/texmf-dist/tex/generic/pgf/basiclayer/pgfcoreobjects.code.tex
File: pgfcoreobjects.code.tex 2021/05/15 v3.1.9a (3.1.9a)
) (/usr/share/texlive/texmf-dist/tex/generic/pgf/basiclayer/pgfcorepathprocessing.code.tex
File: pgfcorepathprocessing.code.tex 2021/05/15 v3.1.9a (3.1.9a)
) (/usr/share/texlive/texmf-dist/tex/generic/pgf/basiclayer/pgfcorearrows.code.tex
File: pgfcorearrows.code.tex 2021/05/15 v3.1.9a (3.1.9a)
\pgfarrowsep=\dimen275
) (/usr/share/texlive/texmf-dist/tex/generic/pgf/basiclayer/pgfcoreshade.code.tex
File: pgfcoreshade.code.tex 2021/05/15 v3.1.9a (3.1.9a)
\pgf@max=\dimen276
\pgf@sys@shading@range@num=\count446
\pgf@shadingcount=\count447
) (/usr/share/texlive/texmf-dist/tex/generic/pgf/basiclayer/pgfcoreimage.code.tex
File: pgfcoreimage.code.tex 2021/05/15 v3.1.9a (3.1.9a)
 (/usr/share/texlive/texmf-dist/tex/generic/pgf/basiclayer/pgfcoreexternal.code.tex
File: pgfcoreexternal.code.tex 2021/05/15 v3.1.9a (3.1.9a)
\pgfexternal@startupbox=\box62
)) (/usr/share/texlive/texmf-dist/tex/generic/pgf/basiclayer/pgfcorelayers.code.tex
File: pgfcorelayers.code.tex 2021/05/15 v3.1.9a (3.1.9a)
) (/usr/share/texlive/texmf-dist/tex/generic/pgf/basiclayer/pgfcoretransparency.code.tex
File: pgfcoretransparency.code.tex 2021/05/15 v3.1.9a (3.1.9a)
) (/usr/share/texlive/texmf-dist/tex/generic/pgf/basiclayer/pgfcorepatterns.code.tex
File: pgfcorepatterns.code.tex 2021/05/15 v3.1.9a (3.1.9a)
) (/usr/share/texlive/texmf-dist/tex/generic/pgf/basiclayer/pgfcorerdf.code.tex
File: pgfcorerdf.code.tex 2021/05/15 v3.1.9a (3.1.9a)
))) (/usr/share/texlive/texmf-dist/tex/generic/pgf/modules/pgfmoduleshapes.code.tex
File: pgfmoduleshapes.code.tex 2021/05/15 v3.1.9a (3.1.9a)
\pgfnodeparttextbox=\box63
) (/usr/share/texlive/texmf-dist/tex/generic/pgf/modules/pgfmoduleplot.code.tex
File: pgfmoduleplot.code.tex 2021/05/15 v3.1.9a (3.1.9a)
) (/usr/share/texlive/texmf-dist/tex/latex/pgf/compatibility/pgfcomp-version-0-65.sty
Package: pgfcomp-version-0-65 2021/05/15 v3.1.9a (3.1.9a)
\pgf@nodesepstart=\dimen277
\pgf@nodesepend=\dimen278
) (/usr/share/texlive/texmf-dist/tex/latex/pgf/compatibility/pgfcomp-version-1-18.sty
Package: pgfcomp-version-1-18 2021/05/15 v3.1.9a (3.1.9a)
)) (/usr/share/texlive/texmf-dist/tex/latex/pgf/utilities/pgffor.sty (/usr/share/texlive/texmf-dist/tex/latex/pgf/utilities/pgfkeys.sty (/usr/share/texlive/texmf-dist/tex/generic/pgf/utilities/pgfkeys.code.tex)) (/usr/share/texlive/texmf-dist/tex/latex/pgf/math/pgfmath.sty (/usr/share/texlive/texmf-dist/tex/generic/pgf/math/pgfmath.code.tex)) (/usr/share/texlive/texmf-dist/tex/generic/pgf/utilities/pgffor.code.tex
Package: pgffor 2021/05/15 v3.1.9a (3.1.9a)
 (/usr/share/texlive/texmf-dist/tex/generic/pgf/math/pgfmath.code.tex)
\pgffor@iter=\dimen279
\pgffor@skip=\dimen280
\pgffor@stack=\toks40
\pgffor@toks=\toks41
)) (/usr/share/texlive/texmf-dist/tex/generic/pgf/frontendlayer/tikz/tikz.code.tex
Package: tikz 2021/05/15 v3.1.9a (3.1.9a)
 (/usr/share/texlive/texmf-dist/tex/generic/pgf/libraries/pgflibraryplothandlers.code.tex
File: pgflibraryplothandlers.code.tex 2021/05/15 v3.1.9a (3.1.9a)
\pgf@plot@mark@count=\count448
\pgfplotmarksize=\dimen281
)
\tikz@lastx=\dimen282
\tikz@lasty=\dimen283
\tikz@lastxsaved=\dimen284
\tikz@lastysaved=\dimen285
\tikz@lastmovetox=\dimen286
\tikz@lastmovetoy=\dimen287
\tikzleveldistance=\dimen288
\tikzsiblingdistance=\dimen289
\tikz@figbox=\box64
\tikz@figbox@bg=\box65
\tikz@tempbox=\box66
\tikz@tempbox@bg=\box67
\tikztreelevel=\count449
\tikznumberofchildren=\count450
\tikznumberofcurrentchild=\count451
\tikz@fig@count=\count452
 (/usr/share/texlive/texmf-dist/tex/generic/pgf/modules/pgfmodulematrix.code.tex
File: pgfmodulematrix.code.tex 2021/05/15 v3.1.9a (3.1.9a)
\pgfmatrixcurrentrow=\count453
\pgfmatrixcurrentcolumn=\count454
\pgf@matrix@numberofcolumns=\count455
)
\tikz@expandcount=\count456
 (/usr/share/texlive/texmf-dist/tex/generic/pgf/frontendlayer/tikz/libraries/tikzlibrarytopaths.code.tex
File: tikzlibrarytopaths.code.tex 2021/05/15 v3.1.9a (3.1.9a)
))) (/usr/share/texlive/texmf-dist/tex/generic/pgf/frontendlayer/tikz/libraries/tikzlibraryshapes.code.tex
File: tikzlibraryshapes.code.tex 2021/05/15 v3.1.9a (3.1.9a)
 (/usr/share/texlive/texmf-dist/tex/generic/pgf/frontendlayer/tikz/libraries/tikzlibraryshapes.geometric.code.tex
File: tikzlibraryshapes.geometric.code.tex 2021/05/15 v3.1.9a (3.1.9a)
 (/usr/share/texlive/texmf-dist/tex/generic/pgf/libraries/shapes/pgflibraryshapes.geometric.code.tex
File: pgflibraryshapes.geometric.code.tex 2021/05/15 v3.1.9a (3.1.9a)
)) (/usr/share/texlive/texmf-dist/tex/generic/pgf/frontendlayer/tikz/libraries/tikzlibraryshapes.misc.code.tex
File: tikzlibraryshapes.misc.code.tex 2021/05/15 v3.1.9a (3.1.9a)
 (/usr/share/texlive/texmf-dist/tex/generic/pgf/libraries/shapes/pgflibraryshapes.misc.code.tex
File: pgflibraryshapes.misc.code.tex 2021/05/15 v3.1.9a (3.1.9a)
)) (/usr/share/texlive/texmf-dist/tex/generic/pgf/frontendlayer/tikz/libraries/tikzlibraryshapes.symbols.code.tex
File: tikzlibraryshapes.symbols.code.tex 2021/05/15 v3.1.9a (3.1.9a)
 (/usr/share/texlive/texmf-dist/tex/generic/pgf/libraries/shapes/pgflibraryshapes.symbols.code.tex
File: pgflibraryshapes.symbols.code.tex 2021/05/15 v3.1.9a (3.1.9a)
)) (/usr/share/texlive/texmf-dist/tex/generic/pgf/frontendlayer/tikz/libraries/tikzlibraryshapes.arrows.code.tex
File: tikzlibraryshapes.arrows.code.tex 2021/05/15 v3.1.9a (3.1.9a)
 (/usr/share/texlive/texmf-dist/tex/generic/pgf/libraries/shapes/pgflibraryshapes.arrows.code.tex
File: pgflibraryshapes.arrows.code.tex 2021/05/15 v3.1.9a (3.1.9a)
)) (/usr/share/texlive/texmf-dist/tex/generic/pgf/frontendlayer/tikz/libraries/tikzlibraryshapes.callouts.code.tex (/usr/share/texlive/texmf-dist/tex/generic/pgf/libraries/shapes/pgflibraryshapes.callouts.code.tex)) (/usr/share/texlive/texmf-dist/tex/generic/pgf/frontendlayer/tikz/libraries/tikzlibraryshapes.multipart.code.tex
File: tikzlibraryshapes.multipart.code.tex 2021/05/15 v3.1.9a (3.1.9a)
 (/usr/share/texlive/texmf-dist/tex/generic/pgf/libraries/shapes/pgflibraryshapes.multipart.code.tex
File: pgflibraryshapes.multipart.code.tex 2021/05/15 v3.1.9a (3.1.9a)
\pgfnodepartlowerbox=\box68
\pgfnodeparttwobox=\box69
\pgfnodepartthreebox=\box70
\pgfnodepartfourbox=\box71
\pgfnodeparttwentybox=\box72
\pgfnodepartnineteenbox=\box73
\pgfnodeparteighteenbox=\box74
\pgfnodepartseventeenbox=\box75
\pgfnodepartsixteenbox=\box76
\pgfnodepartfifteenbox=\box77
\pgfnodepartfourteenbox=\box78
\pgfnodepartthirteenbox=\box79
\pgfnodeparttwelvebox=\box80
\pgfnodepartelevenbox=\box81
\pgfnodeparttenbox=\box82
\pgfnodepartninebox=\box83
\pgfnodeparteightbox=\box84
\pgfnodepartsevenbox=\box85
\pgfnodepartsixbox=\box86
\pgfnodepartfivebox=\box87
))) (/usr/share/texlive/texmf-dist/tex/generic/pgf/frontendlayer/tikz/libraries/tikzlibraryarrows.code.tex
File: tikzlibraryarrows.code.tex 2021/05/15 v3.1.9a (3.1.9a)
 (/usr/share/texlive/texmf-dist/tex/generic/pgf/libraries/pgflibraryarrows.code.tex
File: pgflibraryarrows.code.tex 2021/05/15 v3.1.9a (3.1.9a)
\arrowsize=\dimen290
)) (/usr/share/texlive/texmf-dist/tex/generic/pgf/frontendlayer/tikz/libraries/tikzlibrarypositioning.code.tex
File: tikzlibrarypositioning.code.tex 2021/05/15 v3.1.9a (3.1.9a)
) (/usr/share/texlive/texmf-dist/tex/generic/pgf/frontendlayer/tikz/libraries/tikzlibraryfit.code.tex
File: tikzlibraryfit.code.tex 2021/05/15 v3.1.9a (3.1.9a)
) (/usr/share/texlive/texmf-dist/tex/generic/pgf/frontendlayer/tikz/libraries/tikzlibrarybabel.code.tex
File: tikzlibrarybabel.code.tex 2021/05/15 v3.1.9a (3.1.9a)
) (/usr/share/texlive/texmf-dist/tex/latex/algorithms/algorithm.sty
Package: algorithm 2009/08/24 v0.1 Document Style `algorithm' - floating environment
 (/usr/share/texlive/texmf-dist/tex/latex/float/float.sty
Package: float 2001/11/08 v1.3d Float enhancements (AL)
\c@float@type=\count457
\float@exts=\toks42
\float@box=\box88
\@float@everytoks=\toks43
\@floatcapt=\box89
)
\@float@every@algorithm=\toks44
\c@algorithm=\count458
) (/usr/share/texlive/texmf-dist/tex/latex/algorithmicx/algpseudocode.sty
Package: algpseudocode 
 (/usr/share/texlive/texmf-dist/tex/latex/algorithmicx/algorithmicx.sty
Package: algorithmicx 2005/04/27 v1.2 Algorithmicx

Document Style algorithmicx 1.2 - a greatly improved `algorithmic' style
\c@ALG@line=\count459
\c@ALG@rem=\count460
\c@ALG@nested=\count461
\ALG@tlm=\skip89
\ALG@thistlm=\skip90
\c@ALG@Lnr=\count462
\c@ALG@blocknr=\count463
\c@ALG@storecount=\count464
\c@ALG@tmpcounter=\count465
\ALG@tmplength=\skip91
)
Document Style - pseudocode environments for use with the `algorithmicx' style
) (/usr/share/texlive/texmf-dist/tex/generic/pgf/libraries/pgflibraryarrows.meta.code.tex
File: pgflibraryarrows.meta.code.tex 2021/05/15 v3.1.9a (3.1.9a)
\pgfarrowinset=\dimen291
\pgfarrowlength=\dimen292
\pgfarrowwidth=\dimen293
\pgfarrowlinewidth=\dimen294
)) (./datos.tex)
Package csquotes Info: Checking for multilingual support...
Package csquotes Info: ... found 'babel' package.
 (./main.aux
LaTeX Info: Redefining \. on input line 27.
LaTeX Info: Redefining \% on input line 27.
)
\openout1 = `main.aux'.

LaTeX Font Info:    Checking defaults for OML/cmm/m/it on input line 10.
LaTeX Font Info:    ... okay on input line 10.
LaTeX Font Info:    Checking defaults for OMS/cmsy/m/n on input line 10.
LaTeX Font Info:    ... okay on input line 10.
LaTeX Font Info:    Checking defaults for OT1/cmr/m/n on input line 10.
LaTeX Font Info:    ... okay on input line 10.
LaTeX Font Info:    Checking defaults for T1/cmr/m/n on input line 10.
LaTeX Font Info:    ... okay on input line 10.
LaTeX Font Info:    Checking defaults for TS1/cmr/m/n on input line 10.
LaTeX Font Info:    ... okay on input line 10.
LaTeX Font Info:    Checking defaults for OMX/cmex/m/n on input line 10.
LaTeX Font Info:    ... okay on input line 10.
LaTeX Font Info:    Checking defaults for U/cmr/m/n on input line 10.
LaTeX Font Info:    ... okay on input line 10.
LaTeX Font Info:    Checking defaults for PD1/pdf/m/n on input line 10.
LaTeX Font Info:    ... okay on input line 10.
LaTeX Font Info:    Checking defaults for PU/pdf/m/n on input line 10.
LaTeX Font Info:    ... okay on input line 10.

*geometry* driver: auto-detecting
*geometry* detected driver: pdftex
*geometry* verbose mode - [ preamble ] result:
* driver: pdftex
* paper: a4paper
* layout: <same size as paper>
* layoutoffset:(h,v)=(0.0pt,0.0pt)
* modes: twoside 
* h-part:(L,W,R)=(71.13188pt, 455.24411pt, 71.13188pt)
* v-part:(T,H,B)=(71.13188pt, 702.78308pt, 71.13188pt)
* \paperwidth=597.50787pt
* \paperheight=845.04684pt
* \textwidth=455.24411pt
* \textheight=702.78308pt
* \oddsidemargin=-1.1381pt
* \evensidemargin=-1.1381pt
* \topmargin=-33.0119pt
* \headheight=20.0pt
* \headsep=19.8738pt
* \topskip=12.0pt
* \footskip=30.0pt
* \marginparwidth=88.0pt
* \marginparsep=7.0pt
* \columnsep=10.0pt
* \skip\footins=10.8pt plus 4.0pt minus 2.0pt
* \hoffset=0.0pt
* \voffset=0.0pt
* \mag=1000
* \@twocolumnfalse
* \@twosidetrue
* \@mparswitchtrue
* \@reversemarginfalse
* (1in=72.27pt=25.4mm, 1cm=28.453pt)

LaTeX Info: Redefining \. on input line 10.
LaTeX Info: Redefining \% on input line 10.
Package hyperref Info: Link coloring OFF on input line 10.
(/usr/share/texlive/texmf-dist/tex/latex/hyperref/nameref.sty
Package: nameref 2021-04-02 v2.47 Cross-referencing by name of section
 (/usr/share/texlive/texmf-dist/tex/latex/refcount/refcount.sty
Package: refcount 2019/12/15 v3.6 Data extraction from label references (HO)
) (/usr/share/texlive/texmf-dist/tex/generic/gettitlestring/gettitlestring.sty
Package: gettitlestring 2019/12/15 v1.6 Cleanup title references (HO)
)
\c@section@level=\count466
)
LaTeX Info: Redefining \ref on input line 10.
LaTeX Info: Redefining \pageref on input line 10.
LaTeX Info: Redefining \nameref on input line 10.
 (/usr/share/texlive/texmf-dist/tex/context/base/mkii/supp-pdf.mkii
[Loading MPS to PDF converter (version 2006.09.02).]
\scratchcounter=\count467
\scratchdimen=\dimen295
\scratchbox=\box90
\nofMPsegments=\count468
\nofMParguments=\count469
\everyMPshowfont=\toks45
\MPscratchCnt=\count470
\MPscratchDim=\dimen296
\MPnumerator=\count471
\makeMPintoPDFobject=\count472
\everyMPtoPDFconversion=\toks46
) (/usr/share/texlive/texmf-dist/tex/latex/epstopdf-pkg/epstopdf-base.sty
Package: epstopdf-base 2020-01-24 v2.11 Base part for package epstopdf
Package epstopdf-base Info: Redefining graphics rule for `.eps' on input line 485.
 (/usr/share/texlive/texmf-dist/tex/latex/latexconfig/epstopdf-sys.cfg
File: epstopdf-sys.cfg 2010/07/13 v1.3 Configuration of (r)epstopdf for TeX Live
)) (/usr/share/texlive/texmf-dist/tex/latex/pdflscape/pdflscape.sty
Package: pdflscape 2019/12/05 v0.12 Display of landscape pages in PDF (HO)
 (/usr/share/texlive/texmf-dist/tex/latex/graphics/lscape.sty
Package: lscape 2020/05/28 v3.02 Landscape Pages (DPC)
)
Package pdflscape Info: Auto-detected driver: pdftex on input line 81.
)
Package biblatex Info: Trying to load language 'spanish'...
Package biblatex Info: ... file 'spanish.lbx' found.
 (/usr/share/texlive/texmf-dist/tex/latex/biblatex/lbx/spanish.lbx
File: spanish.lbx 2022/02/02 v3.17 biblatex localization (PK/MW)
)
Package biblatex Info: Trying to load language 'american'...
Package biblatex Info: ... file 'american.lbx' found.
 (/usr/share/texlive/texmf-dist/tex/latex/biblatex/lbx/american.lbx
File: american.lbx 2022/02/02 v3.17 biblatex localization (PK/MW)
Package biblatex Info: Trying to load language 'english'...
Package biblatex Info: ... file 'english.lbx' found.
 (/usr/share/texlive/texmf-dist/tex/latex/biblatex/lbx/english.lbx
File: english.lbx 2022/02/02 v3.17 biblatex localization (PK/MW)
)
Package biblatex Info: Trying to load language 'english'...
Package biblatex Info: ... file 'english.lbx' found.
 (/usr/share/texlive/texmf-dist/tex/latex/biblatex/lbx/english.lbx
File: english.lbx 2022/02/02 v3.17 biblatex localization (PK/MW)
))
Package biblatex Info: Input encoding 'utf8' detected.
Package biblatex Info: Automatic encoding selection.
(biblatex)             Assuming data encoding 'utf8'.
\openout3 = `main.bcf'.

Package biblatex Info: Trying to load bibliographic data...
Package biblatex Info: ... file 'main.bbl' found.
 (./main.bbl)
Package biblatex Info: Reference section=0 on input line 10.
Package biblatex Info: Reference segment=0 on input line 10.
Package caption Info: Begin \AtBeginDocument code.
Package caption Info: float package is loaded.
Package caption Info: End \AtBeginDocument code.

Couldn't patch \ttl@straight@ii
Couldn't patch \ttl@straight@ii
(./pages/01-etiqueta.tex) [1

{/var/lib/texmf/fonts/map/pdftex/updmap/pdftex.map}] [2] [3] (./pages/02-portada.tex
<images/marcauma.png, id=21, 433.62pt x 394.47375pt>
File: images/marcauma.png Graphic file (type png)
<use images/marcauma.png>
Package pdftex.def Info: images/marcauma.png  used on input line 4.
(pdftex.def)             Requested size: 86.72246pt x 78.89334pt.
) [4 <./images/marcauma.png>] [5] (./pages/03-agradecimientos.tex) [1] [2] (./pages/04-resumen.tex)pdfTeX warning (ext4): destination with the same identifier (name{page.II}) has been already used, duplicate ignored
<to be read again> 
                   \relax 
l.50 }
       [2] [3] (./main.toc
LaTeX Info: Redefining \sptext on input line 1.
LaTeX Info: Redefining \. on input line 1.
LaTeX Info: Redefining \% on input line 1.
pdfTeX warning (ext4): destination with the same identifier (name{page.1}) has been already used, duplicate ignored
<to be read again> 
                   \relax 
l.38 ....6.3}Mapas de coste}{36}{subsection.3.6.3}
                                                  % [1

])
\tf@toc=\write6
\openout6 = `main.toc'.

LaTeX Info: Redefining \. on input line 55.
LaTeX Info: Redefining \% on input line 55.
pdfTeX warning (ext4): destination with the same identifier (name{page.2}) has been already used, duplicate ignored
<to be read again> 
                   \relax 
l.55 \newpage
             \null\thispagestyle{empty}\newpage [2]pdfTeX warning (ext4): destination with the same identifier (name{page.3}) has been already used, duplicate ignored
<to be read again> 
                   \relax 
l.55 \newpage\null\thispagestyle{empty}\newpage
                                                [3]pdfTeX warning (ext4): destination with the same identifier (name{page.4}) has been already used, duplicate ignored
<to be read again> 
                   \relax 
l.56 \cleardoublepage
                      [4

] (./pages/05-cuerpo.tex
Cap\'{\i }tulo 1.
pdfTeX warning (ext4): destination with the same identifier (name{page.1}) has been already used, duplicate ignored
<to be read again> 
                   \relax 
l.33 
      [1

]
LaTeX Info: Redefining \. on input line 67.
LaTeX Info: Redefining \% on input line 67.
pdfTeX warning (ext4): destination with the same identifier (name{page.2}) has been already used, duplicate ignored
<to be read again> 
                   \relax 
l.67 
      [2]
LaTeX Info: Redefining \. on input line 73.
LaTeX Info: Redefining \% on input line 73.
pdfTeX warning (ext4): destination with the same identifier (name{page.3}) has been already used, duplicate ignored
<to be read again> 
                   \relax 
l.73 \chapter
             {Estado del arte} [3]pdfTeX warning (ext4): destination with the same identifier (name{page.4}) has been already used, duplicate ignored
<to be read again> 
                   \relax 
l.73 \chapter
             {Estado del arte} [4

]
Cap\'{\i }tulo 2.
<images/tortugas_william_grey.jpg, id=174, 244.9953pt x 137.67435pt>
File: images/tortugas_william_grey.jpg Graphic file (type jpg)
<use images/tortugas_william_grey.jpg>
Package pdftex.def Info: images/tortugas_william_grey.jpg  used on input line 93.
(pdftex.def)             Requested size: 182.09486pt x 102.33116pt.

Overfull \hbox (0.17491pt too wide) in paragraph at lines 99--103
[]\OT1/cmr/m/n/12 Otro hi-to im-por-tan-te en es-te cam-po fue el de-sa-rro-llo de la fur-go-ne-ta aut^^Sono-ma Mercedes-
 []

pdfTeX warning (ext4): destination with the same identifier (name{page.5}) has been already used, duplicate ignored
<to be read again> 
                   \relax 
l.103 
       [5 <./images/tortugas_william_grey.jpg>]
<images/furgoneta_ernst_dickens.jpeg, id=188, 677.53125pt x 508.14844pt>
File: images/furgoneta_ernst_dickens.jpeg Graphic file (type jpg)
<use images/furgoneta_ernst_dickens.jpeg>
Package pdftex.def Info: images/furgoneta_ernst_dickens.jpeg  used on input line 106.
(pdftex.def)             Requested size: 227.62206pt x 170.71344pt.

Underfull \vbox (badness 10000) has occurred while \output is active []

LaTeX Info: Redefining \. on input line 136.
LaTeX Info: Redefining \% on input line 136.
 [6 <./images/furgoneta_ernst_dickens.jpeg>]
<images/nav2_architecture.png, id=208, 963.6pt x 602.25pt>
File: images/nav2_architecture.png Graphic file (type png)
<use images/nav2_architecture.png>
Package pdftex.def Info: images/nav2_architecture.png  used on input line 158.
(pdftex.def)             Requested size: 364.19667pt x 227.61678pt.


LaTeX Warning: `h' float specifier changed to `ht'.

LaTeX Info: Redefining \. on input line 162.
LaTeX Info: Redefining \% on input line 162.
[7]
LaTeX Info: Redefining \. on input line 185.
LaTeX Info: Redefining \% on input line 185.
 [8 <./images/nav2_architecture.png (PNG copy)>]
LaTeX Info: Redefining \. on input line 222.
LaTeX Info: Redefining \% on input line 222.
 [9]
LaTeX Info: Redefining \. on input line 267.
LaTeX Info: Redefining \% on input line 267.
 [10]
<images/lidar_explicacion.png, id=256, 461.47406pt x 256.70906pt>
File: images/lidar_explicacion.png Graphic file (type png)
<use images/lidar_explicacion.png>
Package pdftex.def Info: images/lidar_explicacion.png  used on input line 270.
(pdftex.def)             Requested size: 227.62206pt x 126.62286pt.
<images/lidar3d_1.png, id=259, 1788.6825pt x 820.06375pt>
File: images/lidar3d_1.png Graphic file (type png)
<use images/lidar3d_1.png>
Package pdftex.def Info: images/lidar3d_1.png  used on input line 285.
(pdftex.def)             Requested size: 227.62206pt x 104.34714pt.
LaTeX Info: Redefining \. on input line 303.
LaTeX Info: Redefining \% on input line 303.
 [11 <./images/lidar_explicacion.png> <./images/lidar3d_1.png>]
<images/rtk_arquitecture.png, id=270, 381.425pt x 269.005pt>
File: images/rtk_arquitecture.png Graphic file (type png)
<use images/rtk_arquitecture.png>
Package pdftex.def Info: images/rtk_arquitecture.png  used on input line 306.
(pdftex.def)             Requested size: 227.62206pt x 160.53404pt.
LaTeX Info: Redefining \. on input line 320.
LaTeX Info: Redefining \% on input line 320.
 [12 <./images/rtk_arquitecture.png>]
Cap\'{\i }tulo 3.
<images/hunter_datasheet.png, id=281, 735.74875pt x 698.61pt>
File: images/hunter_datasheet.png Graphic file (type png)
<use images/hunter_datasheet.png>
Package pdftex.def Info: images/hunter_datasheet.png  used on input line 340.
(pdftex.def)             Requested size: 364.19667pt x 345.81834pt.
<images/hunter_v2.jpeg, id=282, 1606.0pt x 1204.5pt>
File: images/hunter_v2.jpeg Graphic file (type jpg)
<use images/hunter_v2.jpeg>
Package pdftex.def Info: images/hunter_v2.jpeg  used on input line 347.
(pdftex.def)             Requested size: 227.62206pt x 170.70569pt.
[13


 <./images/hunter_datasheet.png>]
<images/osuter_datasheet.png, id=292, 1220.56pt x 666.49pt>
File: images/osuter_datasheet.png Graphic file (type png)
<use images/osuter_datasheet.png>
Package pdftex.def Info: images/osuter_datasheet.png  used on input line 366.
(pdftex.def)             Requested size: 227.62206pt x 124.28519pt.
<images/ouster_hunter.jpeg, id=293, 1204.5pt x 1606.0pt>
File: images/ouster_hunter.jpeg Graphic file (type jpg)
<use images/ouster_hunter.jpeg>
Package pdftex.def Info: images/ouster_hunter.jpeg  used on input line 373.
(pdftex.def)             Requested size: 182.09486pt x 242.77654pt.

Underfull \vbox (badness 10000) has occurred while \output is active []

LaTeX Info: Redefining \. on input line 377.
LaTeX Info: Redefining \% on input line 377.
 [14 <./images/hunter_v2.jpeg> <./images/osuter_datasheet.png>]
<images/lidar3d_2.png, id=303, 1788.6825pt x 820.06375pt>
File: images/lidar3d_2.png Graphic file (type png)
<use images/lidar3d_2.png>
Package pdftex.def Info: images/lidar3d_2.png  used on input line 392.
(pdftex.def)             Requested size: 204.85846pt x 93.91118pt.
<images/lidar2d.png, id=304, 1788.6825pt x 820.06375pt>
File: images/lidar2d.png Graphic file (type png)
<use images/lidar2d.png>
Package pdftex.def Info: images/lidar2d.png  used on input line 399.
(pdftex.def)             Requested size: 204.85846pt x 93.91118pt.
LaTeX Info: Redefining \. on input line 422.
LaTeX Info: Redefining \% on input line 422.
 [15 <./images/ouster_hunter.jpeg> <./images/lidar3d_2.png> <./images/lidar2d.png>]
<images/reach_rs2.jpeg, id=314, 1204.5pt x 1606.0pt>
File: images/reach_rs2.jpeg Graphic file (type jpg)
<use images/reach_rs2.jpeg>
Package pdftex.def Info: images/reach_rs2.jpeg  used on input line 428.
(pdftex.def)             Requested size: 159.33821pt x 212.43866pt.
<images/reach_datasheet.png, id=315, 735.74875pt x 698.61pt>
File: images/reach_datasheet.png Graphic file (type png)
<use images/reach_datasheet.png>
Package pdftex.def Info: images/reach_datasheet.png  used on input line 435.
(pdftex.def)             Requested size: 227.62206pt x 216.1298pt.
<images/xsens.jpeg, id=318, 1204.5pt x 1606.0pt>
File: images/xsens.jpeg Graphic file (type jpg)
<use images/xsens.jpeg>
Package pdftex.def Info: images/xsens.jpeg  used on input line 454.
(pdftex.def)             Requested size: 159.33821pt x 212.43866pt.
<images/datasheet_mti.png, id=319, 525.965pt x 328.22626pt>
File: images/datasheet_mti.png Graphic file (type png)
<use images/datasheet_mti.png>
Package pdftex.def Info: images/datasheet_mti.png  used on input line 461.
(pdftex.def)             Requested size: 227.62206pt x 142.04605pt.
LaTeX Info: Redefining \. on input line 466.
LaTeX Info: Redefining \% on input line 466.
 [16 <./images/reach_rs2.jpeg> <./images/reach_datasheet.png>]
<images/mti_angular_orientation.png, id=330, 1310.9778pt x 603.4545pt>
File: images/mti_angular_orientation.png Graphic file (type png)
<use images/mti_angular_orientation.png>
Package pdftex.def Info: images/mti_angular_orientation.png  used on input line 479.
(pdftex.def)             Requested size: 204.85846pt x 94.28952pt.
<images/mti_Acceleration.png, id=331, 1310.9778pt x 603.4545pt>
File: images/mti_Acceleration.png Graphic file (type png)
<use images/mti_Acceleration.png>
Package pdftex.def Info: images/mti_Acceleration.png  used on input line 486.
(pdftex.def)             Requested size: 204.85846pt x 94.28952pt.
LaTeX Info: Redefining \. on input line 501.
LaTeX Info: Redefining \% on input line 501.
 [17 <./images/xsens.jpeg> <./images/datasheet_mti.png> <./images/mti_angular_orientation.png> <./images/mti_Acceleration.png>]
<images/arbol_transformaciones_hunter.jpg, id=342, 973.7178pt x 966.9726pt>
File: images/arbol_transformaciones_hunter.jpg Graphic file (type jpg)
<use images/arbol_transformaciones_hunter.jpg>
Package pdftex.def Info: images/arbol_transformaciones_hunter.jpg  used on input line 521.
(pdftex.def)             Requested size: 273.14923pt x 271.25214pt.
LaTeX Info: Redefining \. on input line 526.
LaTeX Info: Redefining \% on input line 526.
 [18 <./images/arbol_transformaciones_hunter.jpg>]
<images/interfaz_1.png, id=357, 1385.92781pt x 749.80125pt>
File: images/interfaz_1.png Graphic file (type png)
<use images/interfaz_1.png>
Package pdftex.def Info: images/interfaz_1.png  used on input line 555.
(pdftex.def)             Requested size: 204.85846pt x 110.82927pt.
<images/interfaz_2.png, id=358, 1385.92781pt x 749.80125pt>
File: images/interfaz_2.png Graphic file (type png)
<use images/interfaz_2.png>
Package pdftex.def Info: images/interfaz_2.png  used on input line 562.
(pdftex.def)             Requested size: 204.85846pt x 110.82927pt.
LaTeX Info: Redefining \. on input line 576.
LaTeX Info: Redefining \% on input line 576.
 [19 <./images/interfaz_1.png> <./images/interfaz_2.png>]
Overfull \hbox (29.86897pt too wide) in paragraph at lines 617--618
 [] 
 []

LaTeX Info: Redefining \. on input line 630.
LaTeX Info: Redefining \% on input line 630.
[20]
Package hyperref Info: bookmark level for unknown algorithm defaults to 0 on input line 644.
LaTeX Info: Redefining \. on input line 678.
LaTeX Info: Redefining \% on input line 678.
 [21]
<images/wgs84.png, id=379, 326.21875pt x 314.17375pt>
File: images/wgs84.png Graphic file (type png)
<use images/wgs84.png>
Package pdftex.def Info: images/wgs84.png  used on input line 697.
(pdftex.def)             Requested size: 209.41534pt x 201.68892pt.
<images/europe_utm.png, id=383, 963.6pt x 1043.9pt>
File: images/europe_utm.png Graphic file (type png)
<use images/europe_utm.png>
Package pdftex.def Info: images/europe_utm.png  used on input line 710.
(pdftex.def)             Requested size: 227.62206pt x 246.59082pt.


LaTeX Warning: `h' float specifier changed to `ht'.

LaTeX Info: Redefining \. on input line 719.
LaTeX Info: Redefining \% on input line 719.
[22 <./images/wgs84.png>]
<images/navsat_transform.png, id=392, 650.9118pt x 476.5002pt>
File: images/navsat_transform.png Graphic file (type png)
<use images/navsat_transform.png>
Package pdftex.def Info: images/navsat_transform.png  used on input line 728.
(pdftex.def)             Requested size: 295.90588pt x 216.61888pt.
LaTeX Info: Redefining \. on input line 739.
LaTeX Info: Redefining \% on input line 739.
 [23 <./images/europe_utm.png> <./images/navsat_transform.png>]
LaTeX Info: Redefining \. on input line 790.
LaTeX Info: Redefining \% on input line 790.
 [24]
LaTeX Info: Redefining \. on input line 840.
LaTeX Info: Redefining \% on input line 840.
 [25]
LaTeX Info: Redefining \. on input line 879.
LaTeX Info: Redefining \% on input line 879.
 [26]
Overfull \hbox (41.89455pt too wide) in paragraph at lines 890--890
 [][]\OT1/cmtt/m/n/12 ``/hunter/odom'' 
 []


Overfull \hbox (46.34055pt too wide) in paragraph at lines 890--890
 \OT1/cmtt/m/n/12 nav[]msgs/Odometry 
 []


Overfull \hbox (14.13504pt too wide) in paragraph at lines 892--892
 \OT1/cmtt/m/n/12 sensor[]msgs/NavSatFix 
 []


Overfull \hbox (131.00554pt too wide) in paragraph at lines 895--895
 [][]\OT1/cmtt/m/n/12 ``/mti/imu'' 
 []


Overfull \hbox (147.80154pt too wide) in paragraph at lines 895--895
 \OT1/cmtt/m/n/12 sensor[]msgs/Imu 
 []


Overfull \hbox (66.59456pt too wide) in paragraph at lines 898--898
 [][]\OT1/cmtt/m/n/12 ''/odometry/global'' 
 []


Overfull \hbox (46.34055pt too wide) in paragraph at lines 898--898
 \OT1/cmtt/m/n/12 nav[]msgs/Odometry 
 []


Overfull \hbox (48.06955pt too wide) in paragraph at lines 900--900
 [][]\OT1/cmtt/m/n/12 ''/odometry/gps'' 
 []


Overfull \hbox (46.34055pt too wide) in paragraph at lines 900--900
 \OT1/cmtt/m/n/12 nav[]msgs/Odometry 
 []


Overfull \hbox (3.51404pt too wide) in paragraph at lines 903--903
 [][]\OT1/cmtt/m/n/12 ``/odometry/local'' 
 []


Overfull \hbox (32.7637pt too wide) in paragraph at lines 909--910
 [] 
 []

LaTeX Info: Redefining \. on input line 934.
LaTeX Info: Redefining \% on input line 934.
[27]
LaTeX Info: Redefining \. on input line 968.
LaTeX Info: Redefining \% on input line 968.
 [28]
LaTeX Info: Redefining \. on input line 987.
LaTeX Info: Redefining \% on input line 987.
 [29]
<images/bt_sencillo.png, id=450, 481.8pt x 271.0125pt>
File: images/bt_sencillo.png Graphic file (type png)
<use images/bt_sencillo.png>
Package pdftex.def Info: images/bt_sencillo.png  used on input line 995.
(pdftex.def)             Requested size: 204.85846pt x 115.23047pt.
<images/recovery_bt.png, id=453, 481.8pt x 271.0125pt>
File: images/recovery_bt.png Graphic file (type png)
<use images/recovery_bt.png>
Package pdftex.def Info: images/recovery_bt.png  used on input line 1002.
(pdftex.def)             Requested size: 204.85846pt x 115.23047pt.
<images/action_server.png, id=457, 852.18375pt x 499.8675pt>
File: images/action_server.png Graphic file (type png)
<use images/action_server.png>
Package pdftex.def Info: images/action_server.png  used on input line 1019.
(pdftex.def)             Requested size: 227.62206pt x 133.51683pt.
LaTeX Info: Redefining \. on input line 1028.
LaTeX Info: Redefining \% on input line 1028.
 [30 <./images/bt_sencillo.png> <./images/recovery_bt.png> <./images/action_server.png>]
<images/bt_ToPose_wrec_rep.png, id=473, 1715.40875pt x 691.58376pt>
File: images/bt_ToPose_wrec_rep.png Graphic file (type png)
<use images/bt_ToPose_wrec_rep.png>
Package pdftex.def Info: images/bt_ToPose_wrec_rep.png  used on input line 1053.
(pdftex.def)             Requested size: 318.66948pt x 128.46863pt.
<images/arbol_punto_apunto.png, id=476, 1318.9275pt x 565.11125pt>
File: images/arbol_punto_apunto.png Graphic file (type png)
<use images/arbol_punto_apunto.png>
Package pdftex.def Info: images/arbol_punto_apunto.png  used on input line 1060.
(pdftex.def)             Requested size: 318.66948pt x 136.53487pt.
LaTeX Info: Redefining \. on input line 1082.
LaTeX Info: Redefining \% on input line 1082.
 [31]
<images/Controllers_tabla.png, id=482, 1005.7575pt x 497.86pt>
File: images/Controllers_tabla.png Graphic file (type png)
<use images/Controllers_tabla.png>
Package pdftex.def Info: images/Controllers_tabla.png  used on input line 1095.
(pdftex.def)             Requested size: 227.62206pt x 112.67458pt.
LaTeX Info: Redefining \. on input line 1098.
LaTeX Info: Redefining \% on input line 1098.
 [32 <./images/bt_ToPose_wrec_rep.png> <./images/arbol_punto_apunto.png>]
<images/pure_pursuit_teoria.png, id=493, 435.87843pt x 142.28156pt>
File: images/pure_pursuit_teoria.png Graphic file (type png)
<use images/pure_pursuit_teoria.png>
Package pdftex.def Info: images/pure_pursuit_teoria.png  used on input line 1117.
(pdftex.def)             Requested size: 227.62206pt x 74.30162pt.
<images/rpp_configuracion.png, id=494, 864.22874pt x 428.60126pt>
File: images/rpp_configuracion.png Graphic file (type png)
<use images/rpp_configuracion.png>
Package pdftex.def Info: images/rpp_configuracion.png  used on input line 1124.
(pdftex.def)             Requested size: 227.62206pt x 112.88556pt.

Underfull \vbox (badness 10000) has occurred while \output is active []

LaTeX Info: Redefining \. on input line 1128.
LaTeX Info: Redefining \% on input line 1128.
 [33 <./images/Controllers_tabla.png> <./images/pure_pursuit_teoria.png>]
<images/planificadores_table.png, id=507, 981.6675pt x 574.145pt>
File: images/planificadores_table.png Graphic file (type png)
<use images/planificadores_table.png>
Package pdftex.def Info: images/planificadores_table.png  used on input line 1139.
(pdftex.def)             Requested size: 227.62206pt x 133.12814pt.
LaTeX Info: Redefining \. on input line 1144.
LaTeX Info: Redefining \% on input line 1144.
 [34 <./images/rpp_configuracion.png> <./images/planificadores_table.png>]
<images/smacplanner_configuracion.png, id=519, 494.84875pt x 518.93875pt>
File: images/smacplanner_configuracion.png Graphic file (type png)
<use images/smacplanner_configuracion.png>
Package pdftex.def Info: images/smacplanner_configuracion.png  used on input line 1150.
(pdftex.def)             Requested size: 136.57462pt x 143.21933pt.
<images/smoother_configuracion.png, id=523, 482.80376pt x 168.63pt>
File: images/smoother_configuracion.png Graphic file (type png)
<use images/smoother_configuracion.png>
Package pdftex.def Info: images/smoother_configuracion.png  used on input line 1181.
(pdftex.def)             Requested size: 227.62206pt x 79.50055pt.
LaTeX Info: Redefining \. on input line 1193.
LaTeX Info: Redefining \% on input line 1193.
 [35 <./images/smacplanner_configuracion.png> <./images/smoother_configuracion.png>]
<images/mapa_coste_local.png, id=535, 978.65625pt x 730.73pt>
File: images/mapa_coste_local.png Graphic file (type png)
<use images/mapa_coste_local.png>
Package pdftex.def Info: images/mapa_coste_local.png  used on input line 1203.
(pdftex.def)             Requested size: 227.62206pt x 169.95987pt.
<images/mapa_coste_global.png, id=537, 1104.125pt x 836.12375pt>
File: images/mapa_coste_global.png Graphic file (type png)
<use images/mapa_coste_global.png>
Package pdftex.def Info: images/mapa_coste_global.png  used on input line 1215.
(pdftex.def)             Requested size: 227.62206pt x 172.36334pt.

Underfull \vbox (badness 1490) has occurred while \output is active []

LaTeX Info: Redefining \. on input line 1219.
LaTeX Info: Redefining \% on input line 1219.
 [36 <./images/mapa_coste_local.png>]
<images/velocity_smoother_configuracion.png, id=547, 402.50375pt x 260.975pt>
File: images/velocity_smoother_configuracion.png Graphic file (type png)
<use images/velocity_smoother_configuracion.png>
Package pdftex.def Info: images/velocity_smoother_configuracion.png  used on input line 1228.
(pdftex.def)             Requested size: 227.62206pt x 147.58255pt.

Underfull \vbox (badness 1442) has occurred while \output is active []

LaTeX Info: Redefining \. on input line 1244.
LaTeX Info: Redefining \% on input line 1244.
 [37 <./images/mapa_coste_global.png> <./images/velocity_smoother_configuracion.png>]
<images/camino_punto_inter.png, id=556, 608.2725pt x 119.44624pt>
File: images/camino_punto_inter.png Graphic file (type png)
<use images/camino_punto_inter.png>
Package pdftex.def Info: images/camino_punto_inter.png  used on input line 1248.
(pdftex.def)             Requested size: 227.62206pt x 44.69745pt.

Overfull \hbox (10.37074pt too wide) in paragraph at lines 1258--1261
[]\OT1/cmr/m/n/12 En el ca-so de re-ci-bir un men-sa-je por \OT1/cmr/m/it/12 /com-man-der/goal \OT1/cmr/m/n/12 te-ne-mos 2 op-cio-nes o el \OT1/cmr/m/it/12 /web/follow
 []

<images/arbol_dynamic.png, id=558, 923.45pt x 335.2525pt>
File: images/arbol_dynamic.png Graphic file (type png)
<use images/arbol_dynamic.png>
Package pdftex.def Info: images/arbol_dynamic.png  used on input line 1268.
(pdftex.def)             Requested size: 227.62206pt x 82.63634pt.
LaTeX Info: Redefining \. on input line 1275.
LaTeX Info: Redefining \% on input line 1275.
[38 <./images/camino_punto_inter.png> <./images/arbol_dynamic.png>]
Cap\'{\i }tulo 4.
<images/comparacion_mti_covarianza.png, id=569, 1310.9778pt x 603.4545pt>
File: images/comparacion_mti_covarianza.png Graphic file (type png)
<use images/comparacion_mti_covarianza.png>
Package pdftex.def Info: images/comparacion_mti_covarianza.png  used on input line 1339.
(pdftex.def)             Requested size: 364.19667pt x 167.64015pt.
[39


 <./images/comparacion_mti_covarianza.png>]
<images/ousterIMu_vscomplementary.png, id=577, 1310.9778pt x 603.4545pt>
File: images/ousterIMu_vscomplementary.png Graphic file (type png)
<use images/ousterIMu_vscomplementary.png>
Package pdftex.def Info: images/ousterIMu_vscomplementary.png  used on input line 1351.
(pdftex.def)             Requested size: 364.19667pt x 167.64015pt.
<images/longitude_gps.png, id=581, 1310.9778pt x 603.4545pt>
File: images/longitude_gps.png Graphic file (type png)
<use images/longitude_gps.png>
Package pdftex.def Info: images/longitude_gps.png  used on input line 1374.
(pdftex.def)             Requested size: 204.85846pt x 94.28952pt.
<images/odom_global_rtk.png, id=582, 1310.9778pt x 603.4545pt>
File: images/odom_global_rtk.png Graphic file (type png)
<use images/odom_global_rtk.png>
Package pdftex.def Info: images/odom_global_rtk.png  used on input line 1381.
(pdftex.def)             Requested size: 204.85846pt x 94.28952pt.
LaTeX Info: Redefining \. on input line 1392.
LaTeX Info: Redefining \% on input line 1392.
 [40 <./images/ousterIMu_vscomplementary.png> <./images/longitude_gps.png> <./images/odom_global_rtk.png>]
<images/punto_alejado.png, id=597, 734.745pt x 408.52625pt>
File: images/punto_alejado.png Graphic file (type png)
<use images/punto_alejado.png>
Package pdftex.def Info: images/punto_alejado.png  used on input line 1440.
(pdftex.def)             Requested size: 273.14923pt x 151.87544pt.
LaTeX Info: Redefining \. on input line 1444.
LaTeX Info: Redefining \% on input line 1444.
 [41]
File: images/camino_punto_inter.png Graphic file (type png)
<use images/camino_punto_inter.png>
Package pdftex.def Info: images/camino_punto_inter.png  used on input line 1447.
(pdftex.def)             Requested size: 364.19667pt x 71.51883pt.
<images/punto_inter_web.jpeg, id=608, 1606.0pt x 729.72626pt>
File: images/punto_inter_web.jpeg Graphic file (type jpg)
<use images/punto_inter_web.jpeg>
Package pdftex.def Info: images/punto_inter_web.jpeg  used on input line 1460.
(pdftex.def)             Requested size: 204.85846pt x 93.07504pt.
<images/camino_inter_web.jpeg, id=609, 1606.0pt x 729.72626pt>
File: images/camino_inter_web.jpeg Graphic file (type jpg)
<use images/camino_inter_web.jpeg>
Package pdftex.def Info: images/camino_inter_web.jpeg  used on input line 1467.
(pdftex.def)             Requested size: 204.85846pt x 93.07504pt.
LaTeX Info: Redefining \. on input line 1480.
LaTeX Info: Redefining \% on input line 1480.
 [42 <./images/punto_alejado.png> <./images/punto_inter_web.jpeg> <./images/camino_inter_web.jpeg>]
<images/1_imu_final.png, id=620, 935.495pt x 791.95876pt>
File: images/1_imu_final.png Graphic file (type png)
<use images/1_imu_final.png>
Package pdftex.def Info: images/1_imu_final.png  used on input line 1496.
(pdftex.def)             Requested size: 204.85846pt x 173.42181pt.
<images/2_imu_final.png, id=621, 800.9925pt x 770.88pt>
File: images/2_imu_final.png Graphic file (type png)
<use images/2_imu_final.png>
Package pdftex.def Info: images/2_imu_final.png  used on input line 1503.
(pdftex.def)             Requested size: 182.09486pt x 175.2402pt.
LaTeX Info: Redefining \. on input line 1512.
LaTeX Info: Redefining \% on input line 1512.
 [43 <./images/1_imu_final.png> <./images/2_imu_final.png>]
<images/comando_punto.jpeg, id=635, 1606.0pt x 729.72626pt>
File: images/comando_punto.jpeg Graphic file (type jpg)
<use images/comando_punto.jpeg>
Package pdftex.def Info: images/comando_punto.jpeg  used on input line 1527.
(pdftex.def)             Requested size: 227.62206pt x 103.4192pt.
<images/1_punto_naevegacion.png, id=636, 1162.3425pt x 608.2725pt>
File: images/1_punto_naevegacion.png Graphic file (type png)
<use images/1_punto_naevegacion.png>
Package pdftex.def Info: images/1_punto_naevegacion.png  used on input line 1534.
(pdftex.def)             Requested size: 204.85846pt x 107.20108pt.
<images/video_principio_punto_nav.jpeg, id=638, 2055.68pt x 933.4875pt>
File: images/video_principio_punto_nav.jpeg Graphic file (type jpg)
<use images/video_principio_punto_nav.jpeg>
Package pdftex.def Info: images/video_principio_punto_nav.jpeg  used on input line 1545.
(pdftex.def)             Requested size: 204.85846pt x 93.02661pt.
<images/video_final_punto_nav.jpeg, id=639, 2055.68pt x 933.4875pt>
File: images/video_final_punto_nav.jpeg Graphic file (type jpg)
<use images/video_final_punto_nav.jpeg>
Package pdftex.def Info: images/video_final_punto_nav.jpeg  used on input line 1552.
(pdftex.def)             Requested size: 204.85846pt x 93.02661pt.
LaTeX Info: Redefining \. on input line 1557.
LaTeX Info: Redefining \% on input line 1557.
 [44 <./images/comando_punto.jpeg> <./images/1_punto_naevegacion.png> <./images/video_principio_punto_nav.jpeg> <./images/video_final_punto_nav.jpeg>]
<images/triangulo_navegacion_captura.jpeg, id=651, 2055.68pt x 933.4875pt>
File: images/triangulo_navegacion_captura.jpeg Graphic file (type jpg)
<use images/triangulo_navegacion_captura.jpeg>
Package pdftex.def Info: images/triangulo_navegacion_captura.jpeg  used on input line 1569.
(pdftex.def)             Requested size: 204.85846pt x 93.02661pt.
<images/triangulo_nav.png, id=652, 841.1425pt x 584.1825pt>
File: images/triangulo_nav.png Graphic file (type png)
<use images/triangulo_nav.png>
Package pdftex.def Info: images/triangulo_nav.png  used on input line 1576.
(pdftex.def)             Requested size: 227.62206pt x 158.08794pt.
<images/triangulo_punto_2_nav_video.png, id=654, 382.7901pt x 207.4149pt>
File: images/triangulo_punto_2_nav_video.png Graphic file (type png)
<use images/triangulo_punto_2_nav_video.png>
Package pdftex.def Info: images/triangulo_punto_2_nav_video.png  used on input line 1590.
(pdftex.def)             Requested size: 204.85846pt x 111.00226pt.
<images/triangulo_punto_3_nav.jpeg, id=655, 385.1991pt x 206.9331pt>
File: images/triangulo_punto_3_nav.jpeg Graphic file (type jpg)
<use images/triangulo_punto_3_nav.jpeg>
Package pdftex.def Info: images/triangulo_punto_3_nav.jpeg  used on input line 1597.
(pdftex.def)             Requested size: 204.85846pt x 110.05292pt.
LaTeX Info: Redefining \. on input line 1603.
LaTeX Info: Redefining \% on input line 1603.
 [45 <./images/triangulo_navegacion_captura.jpeg> <./images/triangulo_nav.png> <./images/triangulo_punto_2_nav_video.png> <./images/triangulo_punto_3_nav.jpeg>]
<images/navegacion_largo_trayecto_captura.jpeg, id=668, 2055.68pt x 933.4875pt>
File: images/navegacion_largo_trayecto_captura.jpeg Graphic file (type jpg)
<use images/navegacion_largo_trayecto_captura.jpeg>
Package pdftex.def Info: images/navegacion_largo_trayecto_captura.jpeg  used on input line 1617.
(pdftex.def)             Requested size: 204.85846pt x 93.02661pt.
<images/nav_larga_2.png, id=669, 1677.26625pt x 671.50874pt>
File: images/nav_larga_2.png Graphic file (type png)
<use images/nav_larga_2.png>
Package pdftex.def Info: images/nav_larga_2.png  used on input line 1624.
(pdftex.def)             Requested size: 204.85846pt x 82.01205pt.
<images/inicio_nav_larga.png, id=671, 377.7312pt x 211.992pt>
File: images/inicio_nav_larga.png Graphic file (type png)
<use images/inicio_nav_larga.png>
Package pdftex.def Info: images/inicio_nav_larga.png  used on input line 1636.
(pdftex.def)             Requested size: 204.85846pt x 114.9721pt.
<images/final_nav_larga.png, id=672, 385.9218pt x 211.7511pt>
File: images/final_nav_larga.png Graphic file (type png)
<use images/final_nav_larga.png>
Package pdftex.def Info: images/final_nav_larga.png  used on input line 1643.
(pdftex.def)             Requested size: 204.85846pt x 112.40524pt.
LaTeX Info: Redefining \. on input line 1649.
LaTeX Info: Redefining \% on input line 1649.
 [46 <./images/navegacion_largo_trayecto_captura.jpeg> <./images/nav_larga_2.png> <./images/inicio_nav_larga.png> <./images/final_nav_larga.png>]
<images/esquivando_nav.png, id=685, 1349.04pt x 395.4775pt>
File: images/esquivando_nav.png Graphic file (type png)
<use images/esquivando_nav.png>
Package pdftex.def Info: images/esquivando_nav.png  used on input line 1663.
(pdftex.def)             Requested size: 273.14923pt x 80.07169pt.
<images/evitacion_video_inicio.jpeg, id=687, 279.9258pt x 126.4725pt>
File: images/evitacion_video_inicio.jpeg Graphic file (type jpg)
<use images/evitacion_video_inicio.jpeg>
Package pdftex.def Info: images/evitacion_video_inicio.jpeg  used on input line 1676.
(pdftex.def)             Requested size: 204.85846pt x 92.55573pt.
<images/evitacion_video_final.jpeg, id=688, 380.1402pt x 157.0668pt>
File: images/evitacion_video_final.jpeg Graphic file (type jpg)
<use images/evitacion_video_final.jpeg>
Package pdftex.def Info: images/evitacion_video_final.jpeg  used on input line 1683.
(pdftex.def)             Requested size: 204.85846pt x 84.64464pt.
LaTeX Info: Redefining \. on input line 1692.
LaTeX Info: Redefining \% on input line 1692.
 [47 <./images/esquivando_nav.png> <./images/evitacion_video_inicio.jpeg> <./images/evitacion_video_final.jpeg>] [48

]
Cap\'{\i }tulo 5.
[49] [50

]
Cap\'{\i }tulo 6.
) [51] [52

]
LaTeX Font Info:    Trying to load font information for U+lasy on input line 69.
 (/usr/share/texlive/texmf-dist/tex/latex/base/ulasy.fd
File: ulasy.fd 1998/08/17 v2.2e LaTeX symbol font definitions
) [53

]
LaTeX Info: Redefining \. on input line 89.
LaTeX Info: Redefining \% on input line 89.
 [54] (./main.aux
LaTeX Info: Redefining \sptext on input line 27.
LaTeX Info: Redefining \. on input line 27.
LaTeX Info: Redefining \% on input line 27.
)
Package logreq Info: Writing requests to 'main.run.xml'.
\openout1 = `main.run.xml'.

 ) 
Here is how much of TeX's memory you used:
 37106 strings out of 480112
 729374 string characters out of 5892632
 1460138 words of memory out of 5000000
 54231 multiletter control sequences out of 15000+600000
 476400 words of font info for 53 fonts, out of 8000000 for 9000
 85 hyphenation exceptions out of 8191
 89i,13n,83p,1170b,2239s stack positions out of 5000i,500n,10000p,200000b,80000s
 </home/andrelorent/.texlive2021/texmf-var/fonts/pk/ljfour/jknappen/ec/tcrm1200.600pk></usr/share/texlive/texmf-dist/fonts/type1/public/amsfonts/cm/cmbx12.pfb></usr/share/texlive/texmf-dist/fonts/type1/public/amsfonts/cm/cmcsc10.pfb></usr/share/texlive/texmf-dist/fonts/type1/public/amsfonts/cm/cmex10.pfb></usr/share/texlive/texmf-dist/fonts/type1/public/amsfonts/cm/cmmi12.pfb></usr/share/texlive/texmf-dist/fonts/type1/public/amsfonts/cm/cmmi6.pfb></usr/share/texlive/texmf-dist/fonts/type1/public/amsfonts/cm/cmmi8.pfb></usr/share/texlive/texmf-dist/fonts/type1/public/amsfonts/cm/cmr10.pfb></usr/share/texlive/texmf-dist/fonts/type1/public/amsfonts/cm/cmr12.pfb></usr/share/texlive/texmf-dist/fonts/type1/public/amsfonts/cm/cmr6.pfb></usr/share/texlive/texmf-dist/fonts/type1/public/amsfonts/cm/cmr8.pfb></usr/share/texlive/texmf-dist/fonts/type1/public/amsfonts/cm/cmsy10.pfb></usr/share/texlive/texmf-dist/fonts/type1/public/amsfonts/cm/cmsy6.pfb></usr/share/texlive/texmf-dist/fonts/type1/public/amsfonts/cm/cmsy8.pfb></usr/share/texlive/texmf-dist/fonts/type1/public/amsfonts/cm/cmti10.pfb></usr/share/texlive/texmf-dist/fonts/type1/public/amsfonts/cm/cmti12.pfb></usr/share/texlive/texmf-dist/fonts/type1/public/amsfonts/cm/cmtt12.pfb></usr/share/texlive/texmf-dist/fonts/type1/public/amsfonts/latxfont/lasy10.pfb>
Output written on main.pdf (67 pages, 16416107 bytes).
PDF statistics:
 1011 PDF objects out of 1200 (max. 8388607)
 776 compressed objects within 8 object streams
 189 named destinations out of 1000 (max. 500000)
 714 words of extra memory for PDF output out of 10000 (max. 10000000)

